/home/avirath/ROS_project/install/Turtlebot_proj/lib/python3.10/site-packages/Turtlebot_proj/decision_node.py
/home/avirath/ROS_project/install/Turtlebot_proj/lib/python3.10/site-packages/Turtlebot_proj/train_model.py
/home/avirath/ROS_project/install/Turtlebot_proj/lib/python3.10/site-packages/Turtlebot_proj/input_node.py
/home/avirath/ROS_project/install/Turtlebot_proj/lib/python3.10/site-packages/Turtlebot_proj/navigator_node.py
/home/avirath/ROS_project/install/Turtlebot_proj/lib/python3.10/site-packages/Turtlebot_proj/__pycache__/decision_node.cpython-310.pyc
/home/avirath/ROS_project/install/Turtlebot_proj/lib/python3.10/site-packages/Turtlebot_proj/__pycache__/train_model.cpython-310.pyc
/home/avirath/ROS_project/install/Turtlebot_proj/lib/python3.10/site-packages/Turtlebot_proj/__pycache__/input_node.cpython-310.pyc
/home/avirath/ROS_project/install/Turtlebot_proj/lib/python3.10/site-packages/Turtlebot_proj/__pycache__/navigator_node.cpython-310.pyc
/home/avirath/ROS_project/install/Turtlebot_proj/share/ament_index/resource_index/packages/Turtlebot_proj
/home/avirath/ROS_project/install/Turtlebot_proj/share/Turtlebot_proj/package.xml
/home/avirath/ROS_project/install/Turtlebot_proj/share/Turtlebot_proj/launch/system.launch.py
/home/avirath/ROS_project/install/Turtlebot_proj/lib/python3.10/site-packages/Turtlebot_proj-0.0.1-py3.10.egg-info/zip-safe
/home/avirath/ROS_project/install/Turtlebot_proj/lib/python3.10/site-packages/Turtlebot_proj-0.0.1-py3.10.egg-info/SOURCES.txt
/home/avirath/ROS_project/install/Turtlebot_proj/lib/python3.10/site-packages/Turtlebot_proj-0.0.1-py3.10.egg-info/requires.txt
/home/avirath/ROS_project/install/Turtlebot_proj/lib/python3.10/site-packages/Turtlebot_proj-0.0.1-py3.10.egg-info/dependency_links.txt
/home/avirath/ROS_project/install/Turtlebot_proj/lib/python3.10/site-packages/Turtlebot_proj-0.0.1-py3.10.egg-info/top_level.txt
/home/avirath/ROS_project/install/Turtlebot_proj/lib/python3.10/site-packages/Turtlebot_proj-0.0.1-py3.10.egg-info/PKG-INFO
/home/avirath/ROS_project/install/Turtlebot_proj/lib/python3.10/site-packages/Turtlebot_proj-0.0.1-py3.10.egg-info/entry_points.txt
/home/avirath/ROS_project/install/Turtlebot_proj/lib/Turtlebot_proj/decision_node
/home/avirath/ROS_project/install/Turtlebot_proj/lib/Turtlebot_proj/input_node
/home/avirath/ROS_project/install/Turtlebot_proj/lib/Turtlebot_proj/navigator_node
